Using pre-set license
Built from '2021.1/staging' branch; Version is '2021.1.12f1 (afcadd793de6) revision 11520733'; Using compiler version '192528614'; Build Type 'Release'
OS: 'Windows 10 Home; OS build 19043.1110; Version 2009; 64bit' Language: 'en' Physical Memory: 16107 MB
BatchMode: 1, IsHumanControllingUs: 0, StartBugReporterOnCrash: 0, Is64bit: 1, IsPro: 0

 COMMAND LINE ARGUMENTS:
C:\Program Files\Unity\Hub\Editor\2021.1.12f1\Editor\Unity.exe
-adb2
-batchMode
-noUpm
-name
AssetImportWorker0
-projectPath
C:/Users/torbj/Documents/Game Development/SimTree
-logFile
Logs/AssetImportWorker0.log
-srvPort
56069
Successfully changed project path to: C:/Users/torbj/Documents/Game Development/SimTree
C:/Users/torbj/Documents/Game Development/SimTree
Using Asset Import Pipeline V2.
Refreshing native plugins compatible for Editor in 228.65 ms, found 3 plugins.
Preloading 0 native plugins for Editor in 0.00 ms.
Initialize engine version: 2021.1.12f1 (afcadd793de6)
[Subsystems] Discovering subsystems at path C:/Program Files/Unity/Hub/Editor/2021.1.12f1/Editor/Data/Resources/UnitySubsystems
[Subsystems] Discovering subsystems at path C:/Users/torbj/Documents/Game Development/SimTree/Assets
GfxDevice: creating device client; threaded=0; jobified=0
Direct3D:
    Version:  Direct3D 11.0 [level 11.1]
    Renderer: Intel(R) UHD Graphics 620 (ID=0x5917)
    Vendor:   Intel
    VRAM:     8053 MB
    Driver:   27.20.100.8854
Initialize mono
Mono path[0] = 'C:/Program Files/Unity/Hub/Editor/2021.1.12f1/Editor/Data/Managed'
Mono path[1] = 'C:/Program Files/Unity/Hub/Editor/2021.1.12f1/Editor/Data/MonoBleedingEdge/lib/mono/unityjit'
Mono config path = 'C:/Program Files/Unity/Hub/Editor/2021.1.12f1/Editor/Data/MonoBleedingEdge/etc'
Using monoOptions --debugger-agent=transport=dt_socket,embedding=1,server=y,suspend=n,address=127.0.0.1:56672
Begin MonoManager ReloadAssembly
Registering precompiled unity dll's ...
Register platform support module: C:/Program Files/Unity/Hub/Editor/2021.1.12f1/Editor/Data/PlaybackEngines/WindowsStandaloneSupport/UnityEditor.WindowsStandalone.Extensions.dll
Registered in 0.003930 seconds.
Native extension for WindowsStandalone target not found
Refreshing native plugins compatible for Editor in 199.38 ms, found 3 plugins.
Preloading 0 native plugins for Editor in 0.00 ms.
Mono: successfully reloaded assembly
- Completed reload, in  2.704 seconds
Domain Reload Profiling:
	ReloadAssembly (2705ms)
		BeginReloadAssembly (154ms)
			ExecutionOrderSort (0ms)
			DisableScriptedObjects (0ms)
			BackupInstance (0ms)
			ReleaseScriptingObjects (0ms)
			CreateAndSetChildDomain (2ms)
		EndReloadAssembly (1029ms)
			LoadAssemblies (147ms)
			RebuildTransferFunctionScriptingTraits (0ms)
			SetupTypeCache (387ms)
			ReleaseScriptCaches (0ms)
			RebuildScriptCaches (62ms)
			SetupLoadedEditorAssemblies (480ms)
				LogAssemblyErrors (0ms)
				InitializePlatformSupportModulesInManaged (13ms)
				SetLoadedEditorAssemblies (0ms)
				RefreshPlugins (199ms)
				BeforeProcessingInitializeOnLoad (2ms)
				ProcessInitializeOnLoadAttributes (207ms)
				ProcessInitializeOnLoadMethodAttributes (57ms)
				AfterProcessingInitializeOnLoad (0ms)
				EditorAssembliesLoaded (0ms)
			ExecutionOrderSort2 (0ms)
			AwakeInstancesAfterBackupRestoration (0ms)
Platform modules already initialized, skipping
Registering precompiled user dll's ...
Registered in 0.015956 seconds.
Begin MonoManager ReloadAssembly
Symbol file LoadedFromMemory doesn't match image C:\Users\torbj\Documents\Game Development\SimTree\Library\PackageCache\com.unity.visualscripting@1.6.1\Editor\VisualScripting.Core\Dependencies\DotNetZip\Unity.VisualScripting.IonicZip.dll
Symbol file LoadedFromMemory doesn't match image C:\Users\torbj\Documents\Game Development\SimTree\Library\PackageCache\com.unity.visualscripting@1.6.1\Editor\VisualScripting.Core\Dependencies\YamlDotNet\Unity.VisualScripting.YamlDotNet.dll
Native extension for WindowsStandalone target not found
Refreshing native plugins compatible for Editor in 1.88 ms, found 3 plugins.
Preloading 0 native plugins for Editor in 0.00 ms.
Mono: successfully reloaded assembly
- Completed reload, in  1.974 seconds
Domain Reload Profiling:
	ReloadAssembly (1975ms)
		BeginReloadAssembly (231ms)
			ExecutionOrderSort (0ms)
			DisableScriptedObjects (6ms)
			BackupInstance (0ms)
			ReleaseScriptingObjects (0ms)
			CreateAndSetChildDomain (31ms)
		EndReloadAssembly (1643ms)
			LoadAssemblies (139ms)
			RebuildTransferFunctionScriptingTraits (0ms)
			SetupTypeCache (567ms)
			ReleaseScriptCaches (1ms)
			RebuildScriptCaches (75ms)
			SetupLoadedEditorAssemblies (719ms)
				LogAssemblyErrors (0ms)
				InitializePlatformSupportModulesInManaged (8ms)
				SetLoadedEditorAssemblies (1ms)
				RefreshPlugins (2ms)
				BeforeProcessingInitializeOnLoad (143ms)
				ProcessInitializeOnLoadAttributes (451ms)
				ProcessInitializeOnLoadMethodAttributes (104ms)
				AfterProcessingInitializeOnLoad (9ms)
				EditorAssembliesLoaded (0ms)
			ExecutionOrderSort2 (0ms)
			AwakeInstancesAfterBackupRestoration (9ms)
Platform modules already initialized, skipping
========================================================================
Worker process is ready to serve import requests
Launched and connected shader compiler UnityShaderCompiler.exe after 0.10 seconds
Refreshing native plugins compatible for Editor in 2.19 ms, found 3 plugins.
Preloading 0 native plugins for Editor in 0.00 ms.
Unloading 3525 Unused Serialized files (Serialized files now loaded: 0)
System memory in use before: 125.0 MB.
System memory in use after: 125.0 MB.

Unloading 63 unused Assets to reduce memory usage. Loaded Objects now: 3943.
Total: 11.604400 ms (FindLiveObjects: 0.512100 ms CreateObjectMapping: 0.425700 ms MarkObjects: 10.399600 ms  DeleteObjects: 0.264500 ms)

AssetImportParameters requested are different than current active one (requested -> active):
  custom:framework-win-MediaFoundation: 216162199b28c13a410421893ffa2e32 -> 
  custom:video-decoder-ogg-theora: a1e56fd34408186e4bbccfd4996cb3dc -> 
  custom:container-muxer-webm: aa71ff27fc2769a1b78a27578f13a17b -> 
  custom:container-demuxer-webm: 4f35f7cbe854078d1ac9338744f61a02 -> 
  custom:container-demuxer-ogg: 62fdf1f143b41e24485cea50d1cbac27 -> 
  custom:video-encoder-webm-vp8: eb34c28f22e8b96e1ab97ce403110664 -> 
  custom:video-codec-MediaFoundation-h265: 746d11721c4dcdbdad8f713fa42b33f4 -> 
  custom:video-decoder-webm-vp8: 9c59270c3fd7afecdb556c50c9e8de78 -> 
  custom:audio-decoder-ogg-vorbis: bf7c407c2cedff20999df2af8eb42d56 -> 
  custom:audio-encoder-webm-vorbis: bf7c407c2cedff20999df2af8eb42d56 -> 
========================================================================
Received Import Request.
  path: Assets/prefabs/PlacementTiles/HexTile5.prefab
  artifactKey: Guid(dd4ac53c4bd404aa385f23e7bc968ec4) Importer(815301076,1909f56bfc062723c751e8b465ee728b)
Start importing Assets/prefabs/PlacementTiles/HexTile5.prefab using Guid(dd4ac53c4bd404aa385f23e7bc968ec4) Importer(815301076,1909f56bfc062723c751e8b465ee728b)  -> (artifact id: '3d23a65cf55cf95c619c3d77405a6484') in 0.254468 seconds 
========================================================================
Received Import Request.
  Time since last request: 0.000520 seconds.
  path: Assets/prefabs/PlacementTiles/HexTile6.prefab
  artifactKey: Guid(b6dc6a846c4bf429899ea9b0808b1d39) Importer(815301076,1909f56bfc062723c751e8b465ee728b)
Start importing Assets/prefabs/PlacementTiles/HexTile6.prefab using Guid(b6dc6a846c4bf429899ea9b0808b1d39) Importer(815301076,1909f56bfc062723c751e8b465ee728b)  -> (artifact id: 'a7d357f062e7336ec38523111fd455c8') in 0.046389 seconds 
========================================================================
Received Import Request.
  Time since last request: 0.000497 seconds.
  path: Assets/prefabs/PlacementTiles/HexTile1.prefab
  artifactKey: Guid(7092847d4027d463bae0d51cdddf7378) Importer(815301076,1909f56bfc062723c751e8b465ee728b)
Start importing Assets/prefabs/PlacementTiles/HexTile1.prefab using Guid(7092847d4027d463bae0d51cdddf7378) Importer(815301076,1909f56bfc062723c751e8b465ee728b)  -> (artifact id: '27ef8ab2008a0e9421c3d41846eb3ef5') in 0.042291 seconds 
========================================================================
Received Import Request.
  Time since last request: 0.000370 seconds.
  path: Assets/prefabs/PlacementTiles/HexTile0.prefab
  artifactKey: Guid(1ad0bbbd7e0b04961b8da92c7716af1b) Importer(815301076,1909f56bfc062723c751e8b465ee728b)
Start importing Assets/prefabs/PlacementTiles/HexTile0.prefab using Guid(1ad0bbbd7e0b04961b8da92c7716af1b) Importer(815301076,1909f56bfc062723c751e8b465ee728b)  -> (artifact id: 'a7715bff6be5b46fd140ac45e7bb2c5d') in 0.035688 seconds 
========================================================================
Received Import Request.
  Time since last request: 0.000559 seconds.
  path: Assets/prefabs/PlacementTiles/HexTile3.prefab
  artifactKey: Guid(f82237e6c65654a788e2843662f48954) Importer(815301076,1909f56bfc062723c751e8b465ee728b)
Start importing Assets/prefabs/PlacementTiles/HexTile3.prefab using Guid(f82237e6c65654a788e2843662f48954) Importer(815301076,1909f56bfc062723c751e8b465ee728b)  -> (artifact id: '181804daed54ff3fb2e4ea1021237fe6') in 0.041383 seconds 
========================================================================
Received Import Request.
  Time since last request: 0.000396 seconds.
  path: Assets/prefabs/PlacementTiles/HexTile2.prefab
  artifactKey: Guid(28e2347c7b745470ea9e6d83a14ad314) Importer(815301076,1909f56bfc062723c751e8b465ee728b)
Start importing Assets/prefabs/PlacementTiles/HexTile2.prefab using Guid(28e2347c7b745470ea9e6d83a14ad314) Importer(815301076,1909f56bfc062723c751e8b465ee728b)  -> (artifact id: 'ddaf61ceb01db90e1abb7fc4cf532ad1') in 0.048303 seconds 
========================================================================
Received Import Request.
  Time since last request: 0.000491 seconds.
  path: Assets/prefabs/PlacementTiles/HexTile4.prefab
  artifactKey: Guid(83345aba135e24e3b802809ab836f101) Importer(815301076,1909f56bfc062723c751e8b465ee728b)
Start importing Assets/prefabs/PlacementTiles/HexTile4.prefab using Guid(83345aba135e24e3b802809ab836f101) Importer(815301076,1909f56bfc062723c751e8b465ee728b)  -> (artifact id: '894dfe337e7d91cfb66f9b6b4faa9111') in 0.046410 seconds 
========================================================================
Received Import Request.
  Time since last request: 48.923667 seconds.
  path: Assets/materials/Mat_FxSpit2.mat
  artifactKey: Guid(0353f1dc0376b484b83756b9d9977d66) Importer(815301076,1909f56bfc062723c751e8b465ee728b)
Start importing Assets/materials/Mat_FxSpit2.mat using Guid(0353f1dc0376b484b83756b9d9977d66) Importer(815301076,1909f56bfc062723c751e8b465ee728b)  -> (artifact id: '7f54d2a21e2f92ab5bab7145938bd8f7') in 0.228652 seconds 
========================================================================
Received Import Request.
  Time since last request: 2.167716 seconds.
  path: Assets/materials/Mat_FxSnow.mat
  artifactKey: Guid(65fbe791bb29a8c46a411fc648e18cf7) Importer(815301076,1909f56bfc062723c751e8b465ee728b)
Start importing Assets/materials/Mat_FxSnow.mat using Guid(65fbe791bb29a8c46a411fc648e18cf7) Importer(815301076,1909f56bfc062723c751e8b465ee728b)  -> (artifact id: '3c80fbdd3e4fb88461f52fa066bb3633') in 0.052144 seconds 
========================================================================
Received Import Request.
  Time since last request: 26.585921 seconds.
  path: Assets/prefabs/CurrentSeason.prefab
  artifactKey: Guid(eabef0c78299e41ddafb15e727be5ab2) Importer(815301076,1909f56bfc062723c751e8b465ee728b)
Start importing Assets/prefabs/CurrentSeason.prefab using Guid(eabef0c78299e41ddafb15e727be5ab2) Importer(815301076,1909f56bfc062723c751e8b465ee728b)  -> (artifact id: '33117ccd9fd4f2a85469b1365ee048e3') in 0.025498 seconds 
========================================================================
Received Import Request.
  Time since last request: 0.000640 seconds.
  path: Assets/prefabs/MainCamera.prefab
  artifactKey: Guid(9a80d728497b1d945ac8522935b2c5e4) Importer(815301076,1909f56bfc062723c751e8b465ee728b)
Start importing Assets/prefabs/MainCamera.prefab using Guid(9a80d728497b1d945ac8522935b2c5e4) Importer(815301076,1909f56bfc062723c751e8b465ee728b)  -> (artifact id: '71fadc77f2d9d44c582b393fb5677637') in 0.034151 seconds 
========================================================================
Received Import Request.
  Time since last request: 0.000545 seconds.
  path: Assets/prefabs/TrunkBottom.prefab
  artifactKey: Guid(0123cc6ebeb40254cbd58b1aee45be4e) Importer(815301076,1909f56bfc062723c751e8b465ee728b)
Start importing Assets/prefabs/TrunkBottom.prefab using Guid(0123cc6ebeb40254cbd58b1aee45be4e) Importer(815301076,1909f56bfc062723c751e8b465ee728b)  -> (artifact id: 'ad1c2027c45b466d842f95e786bdf28f') in 0.012590 seconds 
========================================================================
Received Import Request.
  Time since last request: 0.000434 seconds.
  path: Assets/prefabs/Ground.prefab
  artifactKey: Guid(66f1a9c1a7b6b4af1b2f2f7c24c06ffd) Importer(815301076,1909f56bfc062723c751e8b465ee728b)
Start importing Assets/prefabs/Ground.prefab using Guid(66f1a9c1a7b6b4af1b2f2f7c24c06ffd) Importer(815301076,1909f56bfc062723c751e8b465ee728b)  -> (artifact id: '1340c92269c7b866efb578c78488fd26') in 0.022519 seconds 
========================================================================
Received Import Request.
  Time since last request: 0.000360 seconds.
  path: Assets/prefabs/TreeRoot.prefab
  artifactKey: Guid(1c638d239454b4317a5f06deeef1253f) Importer(815301076,1909f56bfc062723c751e8b465ee728b)
Start importing Assets/prefabs/TreeRoot.prefab using Guid(1c638d239454b4317a5f06deeef1253f) Importer(815301076,1909f56bfc062723c751e8b465ee728b)  -> (artifact id: '499335e2e351b1630baa5397b07bdb4c') in 0.025928 seconds 
========================================================================
Received Import Request.
  Time since last request: 0.000478 seconds.
  path: Assets/prefabs/Ground.png
  artifactKey: Guid(01aaad9d0f01ab8478254b49aa2e1c8f) Importer(815301076,1909f56bfc062723c751e8b465ee728b)
Start importing Assets/prefabs/Ground.png using Guid(01aaad9d0f01ab8478254b49aa2e1c8f) Importer(815301076,1909f56bfc062723c751e8b465ee728b)  -> (artifact id: 'b9b36d626716270849174c7654bed5da') in 0.056998 seconds 
========================================================================
Received Import Request.
  Time since last request: 0.000374 seconds.
  path: Assets/prefabs/TrunkTop.prefab
  artifactKey: Guid(6a2e6cda2a5467a47862cc3b8bd233dc) Importer(815301076,1909f56bfc062723c751e8b465ee728b)
Start importing Assets/prefabs/TrunkTop.prefab using Guid(6a2e6cda2a5467a47862cc3b8bd233dc) Importer(815301076,1909f56bfc062723c751e8b465ee728b)  -> (artifact id: '388b8d996efc5a2eb3d61218e6c07217') in 0.014162 seconds 
========================================================================
Received Import Request.
  Time since last request: 0.000383 seconds.
  path: Assets/prefabs/HexRing.prefab
  artifactKey: Guid(ed9976f02ae94cc4fa1b3642b2843d36) Importer(815301076,1909f56bfc062723c751e8b465ee728b)
Start importing Assets/prefabs/HexRing.prefab using Guid(ed9976f02ae94cc4fa1b3642b2843d36) Importer(815301076,1909f56bfc062723c751e8b465ee728b)  -> (artifact id: '55ab397948a4414d6ba1f4dd1d4ad6cb') in 0.012676 seconds 
========================================================================
Received Import Request.
  Time since last request: 0.000458 seconds.
  path: Assets/prefabs/TrunkMiddle.prefab
  artifactKey: Guid(e811614a4a88a8f4daf0381f07862658) Importer(815301076,1909f56bfc062723c751e8b465ee728b)
Start importing Assets/prefabs/TrunkMiddle.prefab using Guid(e811614a4a88a8f4daf0381f07862658) Importer(815301076,1909f56bfc062723c751e8b465ee728b)  -> (artifact id: '6bc71d4aad046a56f556560866a5eb47') in 0.013817 seconds 
========================================================================
Received Import Request.
  Time since last request: 0.000431 seconds.
  path: Assets/prefabs/HexTile.prefab
  artifactKey: Guid(e98fd4f3123ce47e18ce4a3545ca52e6) Importer(815301076,1909f56bfc062723c751e8b465ee728b)
Start importing Assets/prefabs/HexTile.prefab using Guid(e98fd4f3123ce47e18ce4a3545ca52e6) Importer(815301076,1909f56bfc062723c751e8b465ee728b)  -> (artifact id: 'c234ea1498627b3ed9a1cf1947cb7bbc') in 0.020541 seconds 
========================================================================
Received Import Request.
  Time since last request: 0.000463 seconds.
  path: Assets/prefabs/SpriteHolder.prefab
  artifactKey: Guid(7b70037a756674317904d29c9ad98b12) Importer(815301076,1909f56bfc062723c751e8b465ee728b)
Start importing Assets/prefabs/SpriteHolder.prefab using Guid(7b70037a756674317904d29c9ad98b12) Importer(815301076,1909f56bfc062723c751e8b465ee728b)  -> (artifact id: 'd67e89db172bbd16783f8553b61d3b02') in 0.014434 seconds 
========================================================================
Received Import Request.
  Time since last request: 0.000484 seconds.
  path: Assets/prefabs/UICamera.prefab
  artifactKey: Guid(6fd3980b7ebf23f4abfc0cf3d56c018c) Importer(815301076,1909f56bfc062723c751e8b465ee728b)
Start importing Assets/prefabs/UICamera.prefab using Guid(6fd3980b7ebf23f4abfc0cf3d56c018c) Importer(815301076,1909f56bfc062723c751e8b465ee728b)  -> (artifact id: 'd940f536dccf4b14cdbe1038a4ec833d') in 0.067430 seconds 
========================================================================
Received Import Request.
  Time since last request: 0.000312 seconds.
  path: Assets/prefabs/TreeBranch.prefab
  artifactKey: Guid(e6f933e9eee4d6549a3858f51b4a0735) Importer(815301076,1909f56bfc062723c751e8b465ee728b)
Start importing Assets/prefabs/TreeBranch.prefab using Guid(e6f933e9eee4d6549a3858f51b4a0735) Importer(815301076,1909f56bfc062723c751e8b465ee728b)  -> (artifact id: '6220d93e8d4237b0162540616ba9a607') in 0.013000 seconds 
========================================================================
Received Prepare
Registering precompiled user dll's ...
Registered in 0.010770 seconds.
Begin MonoManager ReloadAssembly
Symbol file LoadedFromMemory doesn't match image C:\Users\torbj\Documents\Game Development\SimTree\Library\PackageCache\com.unity.visualscripting@1.6.1\Editor\VisualScripting.Core\Dependencies\DotNetZip\Unity.VisualScripting.IonicZip.dll
Symbol file LoadedFromMemory doesn't match image C:\Users\torbj\Documents\Game Development\SimTree\Library\PackageCache\com.unity.visualscripting@1.6.1\Editor\VisualScripting.Core\Dependencies\YamlDotNet\Unity.VisualScripting.YamlDotNet.dll
Native extension for WindowsStandalone target not found
Refreshing native plugins compatible for Editor in 0.90 ms, found 3 plugins.
Preloading 0 native plugins for Editor in 0.00 ms.
Mono: successfully reloaded assembly
- Completed reload, in  1.834 seconds
Domain Reload Profiling:
	ReloadAssembly (1834ms)
		BeginReloadAssembly (212ms)
			ExecutionOrderSort (0ms)
			DisableScriptedObjects (8ms)
			BackupInstance (0ms)
			ReleaseScriptingObjects (0ms)
			CreateAndSetChildDomain (87ms)
		EndReloadAssembly (1514ms)
			LoadAssemblies (141ms)
			RebuildTransferFunctionScriptingTraits (0ms)
			SetupTypeCache (469ms)
			ReleaseScriptCaches (2ms)
			RebuildScriptCaches (69ms)
			SetupLoadedEditorAssemblies (690ms)
				LogAssemblyErrors (0ms)
				InitializePlatformSupportModulesInManaged (6ms)
				SetLoadedEditorAssemblies (0ms)
				RefreshPlugins (1ms)
				BeforeProcessingInitializeOnLoad (128ms)
				ProcessInitializeOnLoadAttributes (420ms)
				ProcessInitializeOnLoadMethodAttributes (123ms)
				AfterProcessingInitializeOnLoad (11ms)
				EditorAssembliesLoaded (0ms)
			ExecutionOrderSort2 (0ms)
			AwakeInstancesAfterBackupRestoration (16ms)
Platform modules already initialized, skipping
Refreshing native plugins compatible for Editor in 1.81 ms, found 3 plugins.
Preloading 0 native plugins for Editor in 0.00 ms.
Unloading 3517 Unused Serialized files (Serialized files now loaded: 0)
System memory in use before: 129.6 MB.
System memory in use after: 129.6 MB.

Unloading 55 unused Assets to reduce memory usage. Loaded Objects now: 4006.
Total: 9.361400 ms (FindLiveObjects: 0.545300 ms CreateObjectMapping: 0.283600 ms MarkObjects: 8.260200 ms  DeleteObjects: 0.269900 ms)

AssetImportParameters requested are different than current active one (requested -> active):
  custom:framework-win-MediaFoundation: 216162199b28c13a410421893ffa2e32 -> 
  custom:video-decoder-ogg-theora: a1e56fd34408186e4bbccfd4996cb3dc -> 
  custom:container-muxer-webm: aa71ff27fc2769a1b78a27578f13a17b -> 
  custom:container-demuxer-webm: 4f35f7cbe854078d1ac9338744f61a02 -> 
  custom:container-demuxer-ogg: 62fdf1f143b41e24485cea50d1cbac27 -> 
  custom:video-encoder-webm-vp8: eb34c28f22e8b96e1ab97ce403110664 -> 
  custom:video-codec-MediaFoundation-h265: 746d11721c4dcdbdad8f713fa42b33f4 -> 
  custom:video-decoder-webm-vp8: 9c59270c3fd7afecdb556c50c9e8de78 -> 
  custom:audio-decoder-ogg-vorbis: bf7c407c2cedff20999df2af8eb42d56 -> 
  custom:audio-encoder-webm-vorbis: bf7c407c2cedff20999df2af8eb42d56 -> 
========================================================================
Received Prepare
Registering precompiled user dll's ...
Registered in 0.021885 seconds.
Begin MonoManager ReloadAssembly
Symbol file LoadedFromMemory doesn't match image C:\Users\torbj\Documents\Game Development\SimTree\Library\PackageCache\com.unity.visualscripting@1.6.1\Editor\VisualScripting.Core\Dependencies\DotNetZip\Unity.VisualScripting.IonicZip.dll
Symbol file LoadedFromMemory doesn't match image C:\Users\torbj\Documents\Game Development\SimTree\Library\PackageCache\com.unity.visualscripting@1.6.1\Editor\VisualScripting.Core\Dependencies\YamlDotNet\Unity.VisualScripting.YamlDotNet.dll
Native extension for WindowsStandalone target not found
Refreshing native plugins compatible for Editor in 1.71 ms, found 3 plugins.
Preloading 0 native plugins for Editor in 0.00 ms.
Mono: successfully reloaded assembly
- Completed reload, in  2.153 seconds
Domain Reload Profiling:
	ReloadAssembly (2154ms)
		BeginReloadAssembly (176ms)
			ExecutionOrderSort (0ms)
			DisableScriptedObjects (8ms)
			BackupInstance (0ms)
			ReleaseScriptingObjects (0ms)
			CreateAndSetChildDomain (63ms)
		EndReloadAssembly (1879ms)
			LoadAssemblies (141ms)
			RebuildTransferFunctionScriptingTraits (0ms)
			SetupTypeCache (614ms)
			ReleaseScriptCaches (4ms)
			RebuildScriptCaches (101ms)
			SetupLoadedEditorAssemblies (814ms)
				LogAssemblyErrors (0ms)
				InitializePlatformSupportModulesInManaged (13ms)
				SetLoadedEditorAssemblies (1ms)
				RefreshPlugins (2ms)
				BeforeProcessingInitializeOnLoad (167ms)
				ProcessInitializeOnLoadAttributes (499ms)
				ProcessInitializeOnLoadMethodAttributes (115ms)
				AfterProcessingInitializeOnLoad (17ms)
				EditorAssembliesLoaded (0ms)
			ExecutionOrderSort2 (0ms)
			AwakeInstancesAfterBackupRestoration (25ms)
Platform modules already initialized, skipping
Refreshing native plugins compatible for Editor in 1.29 ms, found 3 plugins.
Preloading 0 native plugins for Editor in 0.00 ms.
Unloading 3516 Unused Serialized files (Serialized files now loaded: 0)
System memory in use before: 129.6 MB.
System memory in use after: 129.6 MB.

Unloading 54 unused Assets to reduce memory usage. Loaded Objects now: 4009.
Total: 7.540300 ms (FindLiveObjects: 0.371800 ms CreateObjectMapping: 0.190000 ms MarkObjects: 6.723300 ms  DeleteObjects: 0.254000 ms)

AssetImportParameters requested are different than current active one (requested -> active):
  custom:framework-win-MediaFoundation: 216162199b28c13a410421893ffa2e32 -> 
  custom:video-decoder-ogg-theora: a1e56fd34408186e4bbccfd4996cb3dc -> 
  custom:container-muxer-webm: aa71ff27fc2769a1b78a27578f13a17b -> 
  custom:container-demuxer-webm: 4f35f7cbe854078d1ac9338744f61a02 -> 
  custom:container-demuxer-ogg: 62fdf1f143b41e24485cea50d1cbac27 -> 
  custom:video-encoder-webm-vp8: eb34c28f22e8b96e1ab97ce403110664 -> 
  custom:video-codec-MediaFoundation-h265: 746d11721c4dcdbdad8f713fa42b33f4 -> 
  custom:video-decoder-webm-vp8: 9c59270c3fd7afecdb556c50c9e8de78 -> 
  custom:audio-decoder-ogg-vorbis: bf7c407c2cedff20999df2af8eb42d56 -> 
  custom:audio-encoder-webm-vorbis: bf7c407c2cedff20999df2af8eb42d56 -> 
========================================================================
Received Import Request.
  Time since last request: 1656.689718 seconds.
  path: Assets/materials/Mat_FxSpit2.mat
  artifactKey: Guid(0353f1dc0376b484b83756b9d9977d66) Importer(815301076,1909f56bfc062723c751e8b465ee728b)
Start importing Assets/materials/Mat_FxSpit2.mat using Guid(0353f1dc0376b484b83756b9d9977d66) Importer(815301076,1909f56bfc062723c751e8b465ee728b)  -> (artifact id: 'aa148fa48cd58c426179741dffbf176e') in 0.081778 seconds 
========================================================================
Received Import Request.
  Time since last request: 0.780782 seconds.
  path: Assets/materials/Mat_FxSnow.mat
  artifactKey: Guid(65fbe791bb29a8c46a411fc648e18cf7) Importer(815301076,1909f56bfc062723c751e8b465ee728b)
Start importing Assets/materials/Mat_FxSnow.mat using Guid(65fbe791bb29a8c46a411fc648e18cf7) Importer(815301076,1909f56bfc062723c751e8b465ee728b)  -> (artifact id: 'fff8f298450527ec247512e8428e32fd') in 0.020309 seconds 
========================================================================
Received Prepare
Registering precompiled user dll's ...
Registered in 0.008528 seconds.
Begin MonoManager ReloadAssembly
Symbol file LoadedFromMemory doesn't match image C:\Users\torbj\Documents\Game Development\SimTree\Library\PackageCache\com.unity.visualscripting@1.6.1\Editor\VisualScripting.Core\Dependencies\DotNetZip\Unity.VisualScripting.IonicZip.dll
Symbol file LoadedFromMemory doesn't match image C:\Users\torbj\Documents\Game Development\SimTree\Library\PackageCache\com.unity.visualscripting@1.6.1\Editor\VisualScripting.Core\Dependencies\YamlDotNet\Unity.VisualScripting.YamlDotNet.dll
Native extension for WindowsStandalone target not found
Refreshing native plugins compatible for Editor in 1.15 ms, found 3 plugins.
Preloading 0 native plugins for Editor in 0.00 ms.
Mono: successfully reloaded assembly
- Completed reload, in  1.569 seconds
Domain Reload Profiling:
	ReloadAssembly (1570ms)
		BeginReloadAssembly (149ms)
			ExecutionOrderSort (0ms)
			DisableScriptedObjects (6ms)
			BackupInstance (0ms)
			ReleaseScriptingObjects (0ms)
			CreateAndSetChildDomain (49ms)
		EndReloadAssembly (1324ms)
			LoadAssemblies (124ms)
			RebuildTransferFunctionScriptingTraits (0ms)
			SetupTypeCache (441ms)
			ReleaseScriptCaches (3ms)
			RebuildScriptCaches (89ms)
			SetupLoadedEditorAssemblies (535ms)
				LogAssemblyErrors (0ms)
				InitializePlatformSupportModulesInManaged (5ms)
				SetLoadedEditorAssemblies (0ms)
				RefreshPlugins (1ms)
				BeforeProcessingInitializeOnLoad (102ms)
				ProcessInitializeOnLoadAttributes (331ms)
				ProcessInitializeOnLoadMethodAttributes (85ms)
				AfterProcessingInitializeOnLoad (9ms)
				EditorAssembliesLoaded (1ms)
			ExecutionOrderSort2 (0ms)
			AwakeInstancesAfterBackupRestoration (12ms)
Platform modules already initialized, skipping
Refreshing native plugins compatible for Editor in 1.19 ms, found 3 plugins.
Preloading 0 native plugins for Editor in 0.00 ms.
Unloading 3516 Unused Serialized files (Serialized files now loaded: 0)
System memory in use before: 129.7 MB.
System memory in use after: 129.7 MB.

Unloading 54 unused Assets to reduce memory usage. Loaded Objects now: 4013.
Total: 8.380800 ms (FindLiveObjects: 0.498400 ms CreateObjectMapping: 0.255800 ms MarkObjects: 7.395400 ms  DeleteObjects: 0.230000 ms)

AssetImportParameters requested are different than current active one (requested -> active):
  custom:framework-win-MediaFoundation: 216162199b28c13a410421893ffa2e32 -> 
  custom:video-decoder-ogg-theora: a1e56fd34408186e4bbccfd4996cb3dc -> 
  custom:container-muxer-webm: aa71ff27fc2769a1b78a27578f13a17b -> 
  custom:container-demuxer-webm: 4f35f7cbe854078d1ac9338744f61a02 -> 
  custom:container-demuxer-ogg: 62fdf1f143b41e24485cea50d1cbac27 -> 
  custom:video-encoder-webm-vp8: eb34c28f22e8b96e1ab97ce403110664 -> 
  custom:video-codec-MediaFoundation-h265: 746d11721c4dcdbdad8f713fa42b33f4 -> 
  custom:video-decoder-webm-vp8: 9c59270c3fd7afecdb556c50c9e8de78 -> 
  custom:audio-decoder-ogg-vorbis: bf7c407c2cedff20999df2af8eb42d56 -> 
  custom:audio-encoder-webm-vorbis: bf7c407c2cedff20999df2af8eb42d56 -> 
AssetImportWorkerClient::OnTransportError - code=2 error=End of file
